2021-04-08 09:07:39,556 [INFO] Activator:170 - 


2021-04-08 09:07:39,556 [INFO] Activator:171 - !SESSION log4j initialized
2021-04-08 09:08:22,147 [INFO] RetryExec:97 - I/O exception (java.net.SocketException) caught when processing request to {}->http://sw-center.st.com:80: Socket closed
2021-04-08 09:08:22,147 [INFO] RetryExec:113 - Retrying request to {}->http://sw-center.st.com:80
2021-04-08 09:59:37,308 [INFO] Activator:170 - 


2021-04-08 09:59:37,308 [INFO] Activator:171 - !SESSION log4j initialized
2021-04-08 10:00:01,945 [INFO] RetryExec:97 - I/O exception (java.net.SocketException) caught when processing request to {s}->https://sw-center.st.com:443: Socket operation on nonsocket: configureBlocking
2021-04-08 10:00:01,945 [INFO] RetryExec:113 - Retrying request to {s}->https://sw-center.st.com:443
2021-04-08 15:12:45,367 [INFO] Activator:170 - 


2021-04-08 15:12:45,383 [INFO] Activator:171 - !SESSION log4j initialized
2021-04-08 15:13:41,436 [INFO] Activator:170 - 


2021-04-08 15:13:41,436 [INFO] Activator:171 - !SESSION log4j initialized
2021-04-08 15:14:06,767 [INFO] Activator:170 - 


2021-04-08 15:14:06,767 [INFO] Activator:171 - !SESSION log4j initialized
2021-04-08 15:14:31,382 [INFO] Activator:170 - 


2021-04-08 15:14:31,382 [INFO] Activator:171 - !SESSION log4j initialized
2021-04-08 15:14:49,403 [INFO] McuFinderGlobals:39 - Set McuFinder mode to 2 (CubeIDE integrated)
2021-04-08 15:14:50,226 [INFO] ApplicationProperties:181 - Using Application install path: C:\ST\STM32CubeIDE_1.6.0\STM32CubeIDE\plugins\com.st.stm32cube.common.mx_6.2.1.202103241236
2021-04-08 15:14:50,273 [INFO] DbMcusXml:74 - Set database path to: C:\ST\STM32CubeIDE_1.6.0\STM32CubeIDE\plugins\com.st.stm32cube.common.mx_6.2.1.202103241236\\db\/mcu/
2021-04-08 15:14:50,289 [INFO] DbBoardsPdsc:56 - Set plugin database path to: C:\ST\STM32CubeIDE_1.6.0\STM32CubeIDE\plugins\com.st.stm32cube.common.mx_6.2.1.202103241236\\db\/plugins/boardmanager/
2021-04-08 15:14:50,289 [INFO] DbMcus:258 - Set plugin images path to: C:\ST\STM32CubeIDE_1.6.0\STM32CubeIDE\plugins\com.st.stm32cube.common.mx_6.2.1.202103241236\\db\/plugins/mcufinder/images/
2021-04-08 15:14:50,289 [INFO] DbBoards:264 - Set plugin images path to: C:\ST\STM32CubeIDE_1.6.0\STM32CubeIDE\plugins\com.st.stm32cube.common.mx_6.2.1.202103241236\\db\/plugins/mcufinder/images/
2021-04-08 15:14:50,289 [INFO] DbExamples:333 - Set plugin images path to: C:\ST\STM32CubeIDE_1.6.0\STM32CubeIDE\plugins\com.st.stm32cube.common.mx_6.2.1.202103241236\\db\/plugins/mcufinder/images/
2021-04-08 15:14:50,320 [INFO] DbMcusAds:85 - Set database path to: C:\Users\varma.mudunuri\.stmcufinder\plugins\mcufinder//mcu/
2021-04-08 15:14:50,320 [INFO] DbMcusDocs:110 - Set database path to: C:\Users\varma.mudunuri\.stmcufinder\plugins\mcufinder//mcu/
2021-04-08 15:14:50,320 [INFO] DbMcusJson:65 - Set database path to: C:\Users\varma.mudunuri\.stmcufinder\plugins\mcufinder//mcu/
2021-04-08 15:14:50,320 [INFO] DbBoardsDocs:110 - Set database path to: C:\Users\varma.mudunuri\.stmcufinder\plugins\mcufinder//mcu/
2021-04-08 15:14:50,320 [INFO] DbBoardsJson:58 - Set database path to: C:\Users\varma.mudunuri\.stmcufinder\plugins\mcufinder//mcu/
2021-04-08 15:14:50,358 [INFO] CrossReferenceDbSqlite:196 - Set database path to: C:\Users\varma.mudunuri\.stmcufinder\plugins\mcufinder//mcu/cs/
2021-04-08 15:14:50,358 [INFO] DbExamplesSqlite:690 - Set database path to: C:\Users\varma.mudunuri\.stmcufinder\plugins\mcufinder//mcu/
2021-04-08 15:14:50,527 [INFO] RulesReader:52 - Compatibility file has been processed (237 Rules)
2021-04-08 15:14:50,806 [INFO] MicroXplorer:622 - Detected Java Version = 11.0.9.1
2021-04-08 15:14:50,806 [INFO] DbMcusXml:74 - Set database path to: C:\ST\STM32CubeIDE_1.6.0\STM32CubeIDE\plugins\com.st.stm32cube.common.mx_6.2.1.202103241236\\db\/mcu/
2021-04-08 15:14:50,806 [INFO] DbBoardsPdsc:56 - Set plugin database path to: C:\ST\STM32CubeIDE_1.6.0\STM32CubeIDE\plugins\com.st.stm32cube.common.mx_6.2.1.202103241236\\db\/plugins/boardmanager/
2021-04-08 15:14:50,806 [INFO] DbMcus:258 - Set plugin images path to: C:\ST\STM32CubeIDE_1.6.0\STM32CubeIDE\plugins\com.st.stm32cube.common.mx_6.2.1.202103241236\\db\/plugins/mcufinder/images/
2021-04-08 15:14:50,806 [INFO] DbBoards:264 - Set plugin images path to: C:\ST\STM32CubeIDE_1.6.0\STM32CubeIDE\plugins\com.st.stm32cube.common.mx_6.2.1.202103241236\\db\/plugins/mcufinder/images/
2021-04-08 15:14:50,806 [INFO] DbExamples:333 - Set plugin images path to: C:\ST\STM32CubeIDE_1.6.0\STM32CubeIDE\plugins\com.st.stm32cube.common.mx_6.2.1.202103241236\\db\/plugins/mcufinder/images/
2021-04-08 15:14:50,806 [WARN] DbFile:35 - Overriding database path with different value: C:\Users\varma.mudunuri\.stmcufinder\plugins\mcufinder/ => C:\Users\varma.mudunuri\.stmcufinder\plugins\mcufinder
2021-04-08 15:14:50,806 [INFO] DbMcusAds:85 - Set database path to: C:\Users\varma.mudunuri\.stmcufinder\plugins\mcufinder//mcu/
2021-04-08 15:14:50,806 [WARN] DbFile:35 - Overriding database path with different value: C:\Users\varma.mudunuri\.stmcufinder\plugins\mcufinder/ => C:\Users\varma.mudunuri\.stmcufinder\plugins\mcufinder
2021-04-08 15:14:50,806 [INFO] DbMcusDocs:110 - Set database path to: C:\Users\varma.mudunuri\.stmcufinder\plugins\mcufinder//mcu/
2021-04-08 15:14:50,806 [WARN] DbFile:35 - Overriding database path with different value: C:\Users\varma.mudunuri\.stmcufinder\plugins\mcufinder/ => C:\Users\varma.mudunuri\.stmcufinder\plugins\mcufinder
2021-04-08 15:14:50,806 [INFO] DbMcusJson:65 - Set database path to: C:\Users\varma.mudunuri\.stmcufinder\plugins\mcufinder//mcu/
2021-04-08 15:14:50,806 [WARN] DbFile:35 - Overriding database path with different value: C:\Users\varma.mudunuri\.stmcufinder\plugins\mcufinder/ => C:\Users\varma.mudunuri\.stmcufinder\plugins\mcufinder
2021-04-08 15:14:50,806 [INFO] DbBoardsDocs:110 - Set database path to: C:\Users\varma.mudunuri\.stmcufinder\plugins\mcufinder//mcu/
2021-04-08 15:14:50,806 [WARN] DbFile:35 - Overriding database path with different value: C:\Users\varma.mudunuri\.stmcufinder\plugins\mcufinder/ => C:\Users\varma.mudunuri\.stmcufinder\plugins\mcufinder
2021-04-08 15:14:50,806 [INFO] DbBoardsJson:58 - Set database path to: C:\Users\varma.mudunuri\.stmcufinder\plugins\mcufinder//mcu/
2021-04-08 15:14:50,806 [WARN] DbFile:35 - Overriding database path with different value: C:\Users\varma.mudunuri\.stmcufinder\plugins\mcufinder/ => C:\Users\varma.mudunuri\.stmcufinder\plugins\mcufinder
2021-04-08 15:14:50,806 [WARN] DbFile:35 - Overriding database path with different value: C:\Users\varma.mudunuri\.stmcufinder\plugins\mcufinder/ => C:\Users\varma.mudunuri\.stmcufinder\plugins\mcufinder
2021-04-08 15:14:50,806 [INFO] CrossReferenceDbSqlite:196 - Set database path to: C:\Users\varma.mudunuri\.stmcufinder\plugins\mcufinder//mcu/cs/
2021-04-08 15:14:50,806 [WARN] DbFile:35 - Overriding database path with different value: C:\Users\varma.mudunuri\.stmcufinder\plugins\mcufinder/ => C:\Users\varma.mudunuri\.stmcufinder\plugins\mcufinder
2021-04-08 15:14:50,806 [INFO] DbExamplesSqlite:690 - Set database path to: C:\Users\varma.mudunuri\.stmcufinder\plugins\mcufinder//mcu/
2021-04-08 15:14:51,028 [INFO] MainPanel:204 - HeapMemory: 268435456
2021-04-08 15:14:51,331 [INFO] DbMcusXml:74 - Set database path to: C:\ST\STM32CubeIDE_1.6.0\STM32CubeIDE\plugins\com.st.stm32cube.common.mx_6.2.1.202103241236\\db\/mcu/
2021-04-08 15:14:51,331 [INFO] DbBoardsPdsc:56 - Set plugin database path to: C:\ST\STM32CubeIDE_1.6.0\STM32CubeIDE\plugins\com.st.stm32cube.common.mx_6.2.1.202103241236\\db\/plugins/boardmanager/
2021-04-08 15:14:51,331 [INFO] DbMcus:258 - Set plugin images path to: C:\ST\STM32CubeIDE_1.6.0\STM32CubeIDE\plugins\com.st.stm32cube.common.mx_6.2.1.202103241236\\db\/plugins/mcufinder/images/
2021-04-08 15:14:51,331 [INFO] DbBoards:264 - Set plugin images path to: C:\ST\STM32CubeIDE_1.6.0\STM32CubeIDE\plugins\com.st.stm32cube.common.mx_6.2.1.202103241236\\db\/plugins/mcufinder/images/
2021-04-08 15:14:51,331 [INFO] DbExamples:333 - Set plugin images path to: C:\ST\STM32CubeIDE_1.6.0\STM32CubeIDE\plugins\com.st.stm32cube.common.mx_6.2.1.202103241236\\db\/plugins/mcufinder/images/
2021-04-08 15:14:51,342 [WARN] DbFile:35 - Overriding database path with different value: C:\Users\varma.mudunuri\.stmcufinder\plugins\mcufinder/ => C:\Users\varma.mudunuri\.stmcufinder\plugins\mcufinder
2021-04-08 15:14:51,342 [INFO] DbMcusAds:85 - Set database path to: C:\Users\varma.mudunuri\.stmcufinder\plugins\mcufinder//mcu/
2021-04-08 15:14:51,342 [WARN] DbFile:35 - Overriding database path with different value: C:\Users\varma.mudunuri\.stmcufinder\plugins\mcufinder/ => C:\Users\varma.mudunuri\.stmcufinder\plugins\mcufinder
2021-04-08 15:14:51,342 [INFO] DbMcusDocs:110 - Set database path to: C:\Users\varma.mudunuri\.stmcufinder\plugins\mcufinder//mcu/
2021-04-08 15:14:51,342 [WARN] DbFile:35 - Overriding database path with different value: C:\Users\varma.mudunuri\.stmcufinder\plugins\mcufinder/ => C:\Users\varma.mudunuri\.stmcufinder\plugins\mcufinder
2021-04-08 15:14:51,342 [INFO] DbMcusJson:65 - Set database path to: C:\Users\varma.mudunuri\.stmcufinder\plugins\mcufinder//mcu/
2021-04-08 15:14:51,342 [WARN] DbFile:35 - Overriding database path with different value: C:\Users\varma.mudunuri\.stmcufinder\plugins\mcufinder/ => C:\Users\varma.mudunuri\.stmcufinder\plugins\mcufinder
2021-04-08 15:14:51,342 [INFO] DbBoardsDocs:110 - Set database path to: C:\Users\varma.mudunuri\.stmcufinder\plugins\mcufinder//mcu/
2021-04-08 15:14:51,342 [WARN] DbFile:35 - Overriding database path with different value: C:\Users\varma.mudunuri\.stmcufinder\plugins\mcufinder/ => C:\Users\varma.mudunuri\.stmcufinder\plugins\mcufinder
2021-04-08 15:14:51,342 [INFO] DbBoardsJson:58 - Set database path to: C:\Users\varma.mudunuri\.stmcufinder\plugins\mcufinder//mcu/
2021-04-08 15:14:51,342 [WARN] DbFile:35 - Overriding database path with different value: C:\Users\varma.mudunuri\.stmcufinder\plugins\mcufinder/ => C:\Users\varma.mudunuri\.stmcufinder\plugins\mcufinder
2021-04-08 15:14:51,342 [WARN] DbFile:35 - Overriding database path with different value: C:\Users\varma.mudunuri\.stmcufinder\plugins\mcufinder/ => C:\Users\varma.mudunuri\.stmcufinder\plugins\mcufinder
2021-04-08 15:14:51,342 [INFO] CrossReferenceDbSqlite:196 - Set database path to: C:\Users\varma.mudunuri\.stmcufinder\plugins\mcufinder//mcu/cs/
2021-04-08 15:14:51,342 [WARN] DbFile:35 - Overriding database path with different value: C:\Users\varma.mudunuri\.stmcufinder\plugins\mcufinder/ => C:\Users\varma.mudunuri\.stmcufinder\plugins\mcufinder
2021-04-08 15:14:51,342 [INFO] DbExamplesSqlite:690 - Set database path to: C:\Users\varma.mudunuri\.stmcufinder\plugins\mcufinder//mcu/
2021-04-08 15:14:51,382 [INFO] ApplicationProperties:181 - Using Application install path: C:\ST\STM32CubeIDE_1.6.0\STM32CubeIDE\plugins\com.st.stm32cube.common.mx_6.2.1.202103241236
2021-04-08 15:14:51,382 [INFO] PluginManage:178 - Search for loadable plugins [exclusion list=, ]
2021-04-08 15:14:51,392 [INFO] PluginManage:292 - Check plugin analytics
2021-04-08 15:14:51,640 [INFO] AnalyticsPlugin:233 - Accepted Software Licenses: 
2021-04-08 15:14:51,640 [INFO] AnalyticsPlugin:235 - Accepted CMSIS Pack Licenses: 
2021-04-08 15:14:51,640 [INFO] AnalyticsPlugin:237 - Accepted Firmware Licenses: 
2021-04-08 15:14:51,640 [INFO] PluginManage:342 - Loaded plugin analytics (category:tool,tabindex:-1)
2021-04-08 15:14:51,640 [INFO] PluginManage:292 - Check plugin clock
2021-04-08 15:14:51,700 [INFO] PluginManage:342 - Loaded plugin clock (category:base,tabindex:2)
2021-04-08 15:14:51,700 [INFO] PluginManage:292 - Check plugin ddr
2021-04-08 15:14:51,724 [INFO] PluginManage:342 - Loaded plugin ddr (category:tool,tabindex:6)
2021-04-08 15:14:51,724 [INFO] PluginManage:292 - Check plugin filemanager
2021-04-08 15:14:52,010 [INFO] PluginManage:342 - Loaded plugin filemanager (category:base,tabindex:10)
2021-04-08 15:14:52,010 [INFO] PluginManage:292 - Check plugin ipmanager
2021-04-08 15:14:52,041 [INFO] PluginManage:342 - Loaded plugin ipmanager (category:base,tabindex:5)
2021-04-08 15:14:52,041 [INFO] PluginManage:292 - Check plugin pinoutandconfiguration
2021-04-08 15:14:52,079 [INFO] PluginManage:342 - Loaded plugin pinoutandconfiguration (category:base,tabindex:1)
2021-04-08 15:14:52,079 [INFO] PluginManage:292 - Check plugin pinoutconfig
2021-04-08 15:14:52,179 [INFO] PluginManage:342 - Loaded plugin pinoutconfig (category:base,tabindex:0)
2021-04-08 15:14:52,179 [INFO] PluginManage:292 - Check plugin power
2021-04-08 15:14:52,257 [INFO] PluginManage:342 - Loaded plugin power (category:power,tabindex:4)
2021-04-08 15:14:52,257 [INFO] PluginManage:292 - Check plugin projectmanager
2021-04-08 15:14:52,295 [INFO] PluginManage:342 - Loaded plugin projectmanager (category:projectmanager,tabindex:3)
2021-04-08 15:14:52,295 [INFO] PluginManage:292 - Check plugin thirdparty
2021-04-08 15:14:52,665 [INFO] PluginManage:342 - Loaded plugin thirdparty (category:base,tabindex:-1)
2021-04-08 15:14:52,665 [WARN] IntegrityCheckThread:59 - waiting for thirdparty lock release [integrity check]
2021-04-08 15:14:52,665 [INFO] IntegrityCheckThread:61 - entering critical section [integrity check]
2021-04-08 15:14:52,665 [INFO] PluginManage:292 - Check plugin tools
2021-04-08 15:14:52,665 [INFO] ThirdPartyUpdaterWithRetryManager:56 - Updater plugin not ready yet. [1/15]
2021-04-08 15:14:52,712 [INFO] PluginManage:342 - Loaded plugin tools (category:base,tabindex:7)
2021-04-08 15:14:52,712 [INFO] PluginManage:292 - Check plugin tutovideos
2021-04-08 15:14:53,113 [INFO] PluginManage:342 - Loaded plugin tutovideos (category:base,tabindex:-1)
2021-04-08 15:14:53,113 [INFO] PluginManage:292 - Check plugin updater
2021-04-08 15:14:53,160 [INFO] PluginManage:342 - Loaded plugin updater (category:base,tabindex:12)
2021-04-08 15:14:53,166 [INFO] PluginManage:265 - PluginManage : Loaded plugins [13]
2021-04-08 15:14:53,567 [INFO] PinOutPanel:1435 - setPackage(No Configuration,No Configuration)
2021-04-08 15:14:53,815 [INFO] IPUIPlugin:64 - create IPUIPlugin
2021-04-08 15:14:53,815 [INFO] PluginManager:203 - loadIPPluginJar : add adc
2021-04-08 15:14:53,862 [INFO] IPUIPlugin:64 - create IPUIPlugin
2021-04-08 15:14:53,862 [INFO] PluginManager:203 - loadIPPluginJar : add aes
2021-04-08 15:14:53,899 [INFO] IPUIPlugin:64 - create IPUIPlugin
2021-04-08 15:14:53,899 [INFO] PluginManager:203 - loadIPPluginJar : add can
2021-04-08 15:14:53,915 [INFO] IPUIPlugin:64 - create IPUIPlugin
2021-04-08 15:14:53,915 [INFO] PluginManager:203 - loadIPPluginJar : add comp
2021-04-08 15:14:53,931 [INFO] IPUIPlugin:64 - create IPUIPlugin
2021-04-08 15:14:53,931 [INFO] PluginManager:203 - loadIPPluginJar : add cryp
2021-04-08 15:14:53,968 [INFO] IPUIPlugin:64 - create IPUIPlugin
2021-04-08 15:14:53,968 [INFO] PluginManager:203 - loadIPPluginJar : add dfsdm
2021-04-08 15:14:53,984 [INFO] IPUIPlugin:64 - create IPUIPlugin
2021-04-08 15:14:53,984 [INFO] PluginManager:203 - loadIPPluginJar : add dma
2021-04-08 15:14:54,000 [INFO] IPUIPlugin:64 - create IPUIPlugin
2021-04-08 15:14:54,000 [INFO] PluginManager:203 - loadIPPluginJar : add fatfs
2021-04-08 15:14:54,015 [INFO] IPUIPlugin:64 - create IPUIPlugin
2021-04-08 15:14:54,015 [INFO] PluginManager:203 - loadIPPluginJar : add fmc
2021-04-08 15:14:54,069 [INFO] IPUIPlugin:64 - create IPUIPlugin
2021-04-08 15:14:54,069 [INFO] PluginManager:203 - loadIPPluginJar : add freertos
2021-04-08 15:14:54,069 [INFO] IPUIPlugin:64 - create IPUIPlugin
2021-04-08 15:14:54,069 [INFO] PluginManager:203 - loadIPPluginJar : add genericplugin
2021-04-08 15:14:54,084 [INFO] IPUIPlugin:64 - create IPUIPlugin
2021-04-08 15:14:54,084 [INFO] PluginManager:203 - loadIPPluginJar : add gfxmmu
2021-04-08 15:14:54,084 [INFO] IPUIPlugin:64 - create IPUIPlugin
2021-04-08 15:14:54,084 [INFO] PluginManager:203 - loadIPPluginJar : add gic
2021-04-08 15:14:54,100 [INFO] IPUIPlugin:64 - create IPUIPlugin
2021-04-08 15:14:54,100 [INFO] PluginManager:203 - loadIPPluginJar : add gpio
2021-04-08 15:14:54,147 [INFO] IPUIPlugin:64 - create IPUIPlugin
2021-04-08 15:14:54,147 [INFO] PluginManager:203 - loadIPPluginJar : add gtzc
2021-04-08 15:14:54,185 [INFO] IPUIPlugin:64 - create IPUIPlugin
2021-04-08 15:14:54,185 [INFO] PluginManager:203 - loadIPPluginJar : add hash
2021-04-08 15:14:54,232 [INFO] IPUIPlugin:64 - create IPUIPlugin
2021-04-08 15:14:54,232 [INFO] PluginManager:203 - loadIPPluginJar : add i2c
2021-04-08 15:14:54,247 [INFO] IPUIPlugin:64 - create IPUIPlugin
2021-04-08 15:14:54,247 [INFO] PluginManager:203 - loadIPPluginJar : add i2s
2021-04-08 15:14:54,316 [INFO] IPUIPlugin:64 - create IPUIPlugin
2021-04-08 15:14:54,316 [INFO] PluginManager:203 - loadIPPluginJar : add ipddr
2021-04-08 15:14:54,363 [INFO] IPUIPlugin:64 - create IPUIPlugin
2021-04-08 15:14:54,363 [INFO] PluginManager:203 - loadIPPluginJar : add lorawan
2021-04-08 15:14:54,385 [INFO] IPUIPlugin:64 - create IPUIPlugin
2021-04-08 15:14:54,385 [INFO] PluginManager:203 - loadIPPluginJar : add ltdc
2021-04-08 15:14:54,485 [INFO] IPUIPlugin:64 - create IPUIPlugin
2021-04-08 15:14:54,485 [INFO] PluginManager:203 - loadIPPluginJar : add mdma
2021-04-08 15:14:54,650 [INFO] IPUIPlugin:64 - create IPUIPlugin
2021-04-08 15:14:54,650 [INFO] PluginManager:203 - loadIPPluginJar : add nvic
2021-04-08 15:14:54,670 [INFO] IPUIPlugin:64 - create IPUIPlugin
2021-04-08 15:14:54,670 [INFO] PluginManager:203 - loadIPPluginJar : add opamp
2021-04-08 15:14:54,717 [INFO] IPUIPlugin:64 - create IPUIPlugin
2021-04-08 15:14:54,717 [INFO] PluginManager:203 - loadIPPluginJar : add openamp
2021-04-08 15:14:54,748 [INFO] IPUIPlugin:64 - create IPUIPlugin
2021-04-08 15:14:54,748 [INFO] PluginManager:203 - loadIPPluginJar : add pdm2pcm
2021-04-08 15:14:54,918 [INFO] IPUIPlugin:64 - create IPUIPlugin
2021-04-08 15:14:54,933 [INFO] PluginManager:203 - loadIPPluginJar : add plateformsettings
2021-04-08 15:14:54,949 [INFO] IPUIPlugin:64 - create IPUIPlugin
2021-04-08 15:14:54,949 [INFO] PluginManager:203 - loadIPPluginJar : add quadspi
2021-04-08 15:14:54,971 [INFO] IPUIPlugin:64 - create IPUIPlugin
2021-04-08 15:14:54,971 [INFO] PluginManager:203 - loadIPPluginJar : add resmgrutility
2021-04-08 15:14:55,018 [INFO] IPUIPlugin:64 - create IPUIPlugin
2021-04-08 15:14:55,018 [INFO] PluginManager:203 - loadIPPluginJar : add sai
2021-04-08 15:14:55,049 [INFO] IPUIPlugin:64 - create IPUIPlugin
2021-04-08 15:14:55,049 [INFO] PluginManager:203 - loadIPPluginJar : add spi
2021-04-08 15:14:55,071 [INFO] IPUIPlugin:64 - create IPUIPlugin
2021-04-08 15:14:55,071 [INFO] PluginManager:203 - loadIPPluginJar : add stm32_wpan
2021-04-08 15:14:55,118 [INFO] IPUIPlugin:64 - create IPUIPlugin
2021-04-08 15:14:55,118 [INFO] PluginManager:203 - loadIPPluginJar : add tim
2021-04-08 15:14:55,118 [INFO] IPUIPlugin:64 - create IPUIPlugin
2021-04-08 15:14:55,118 [INFO] PluginManager:203 - loadIPPluginJar : add touchsensing
2021-04-08 15:14:55,118 [INFO] IPUIPlugin:64 - create IPUIPlugin
2021-04-08 15:14:55,118 [INFO] PluginManager:203 - loadIPPluginJar : add tracer_emb
2021-04-08 15:14:55,156 [INFO] IPUIPlugin:64 - create IPUIPlugin
2021-04-08 15:14:55,156 [INFO] PluginManager:203 - loadIPPluginJar : add ts
2021-04-08 15:14:55,187 [INFO] IPUIPlugin:64 - create IPUIPlugin
2021-04-08 15:14:55,187 [INFO] PluginManager:203 - loadIPPluginJar : add tsc
2021-04-08 15:14:55,218 [INFO] IPUIPlugin:64 - create IPUIPlugin
2021-04-08 15:14:55,218 [INFO] PluginManager:203 - loadIPPluginJar : add ucpd
2021-04-08 15:14:55,234 [INFO] IPUIPlugin:64 - create IPUIPlugin
2021-04-08 15:14:55,234 [INFO] PluginManager:203 - loadIPPluginJar : add usart
2021-04-08 15:14:55,667 [INFO] ThirdPartyUpdaterWithRetryManager:56 - Updater plugin not ready yet. [2/15]
2021-04-08 15:14:55,852 [FATAL] Updater:284 - Updater called before beeing initialized
2021-04-08 15:14:56,021 [FATAL] Updater:284 - Updater called before beeing initialized
2021-04-08 15:14:56,037 [INFO] DbMcusAds:132 - JSON generation date=Thu Feb 11 15:55:24 CET 2021 (1613055324029)
2021-04-08 15:14:56,037 [FATAL] Updater:284 - Updater called before beeing initialized
2021-04-08 15:14:56,153 [WARN] DetailPanel:315 - Failed to get advertising image, set to default
2021-04-08 15:14:56,453 [FATAL] Updater:284 - Updater called before beeing initialized
2021-04-08 15:14:56,469 [FATAL] Updater:284 - Updater called before beeing initialized
2021-04-08 15:14:56,469 [FATAL] Updater:284 - Updater called before beeing initialized
2021-04-08 15:14:56,469 [WARN] DetailPanel:315 - Failed to get advertising image, set to default
2021-04-08 15:14:56,475 [FATAL] Updater:284 - Updater called before beeing initialized
2021-04-08 15:14:56,538 [FATAL] Updater:284 - Updater called before beeing initialized
2021-04-08 15:14:56,538 [WARN] ThirdParty:796 - waiting for thirdparty lock release [close project]
2021-04-08 15:14:58,670 [FATAL] Updater:284 - Updater called before beeing initialized
2021-04-08 15:14:58,670 [ERROR] AbstractThirdPartyUpdaterManager:153 - class java.lang.Integer cannot be cast to class java.util.List (java.lang.Integer and java.util.List are in module java.base of loader 'bootstrap')
2021-04-08 15:14:58,670 [INFO] ThirdParty:900 - Integrity check success = false
2021-04-08 15:14:58,670 [INFO] IntegrityCheckThread:75 - exiting critical section [integrity check]
2021-04-08 15:14:58,670 [INFO] IntegrityCheckThread:78 - End integrity checks thread
2021-04-08 15:14:58,670 [INFO] ThirdParty:798 - entering critical section [close project]
2021-04-08 15:14:58,670 [INFO] ThirdParty:809 - exiting critical section [close project]
2021-04-08 15:14:58,670 [INFO] PinOutPanel:1435 - setPackage(No Configuration,No Configuration)
2021-04-08 15:14:58,670 [FATAL] Updater:284 - Updater called before beeing initialized
2021-04-08 15:14:58,745 [ERROR] Updater:1065 - MainUpdater not yet initialized. External WinMGr cannot be set.
2021-04-08 15:14:58,751 [INFO] Updater:1002 - Updater Version found : 6.2.1
2021-04-08 15:14:58,797 [INFO] ApplicationProperties:181 - Using Application install path: C:\ST\STM32CubeIDE_1.6.0\STM32CubeIDE\plugins\com.st.stm32cube.common.mx_6.2.1.202103241236
2021-04-08 15:14:59,283 [INFO] MainUpdater:2661 - connection check result : 10
2021-04-08 15:14:59,283 [INFO] MainUpdater:255 - Updater Check For Update Now.
2021-04-08 15:14:59,283 [INFO] MicroXplorer:472 - Change Database Version : DB.6.0.21
2021-04-08 15:14:59,399 [INFO] CheckServerUpdateThread:102 - End of CheckServer Thread
2021-04-08 15:14:59,499 [INFO] MainUpdater:2661 - connection check result : 10
2021-04-08 15:14:59,699 [INFO] ServerAccessManage:348 - Download File ad.zip
2021-04-08 15:14:59,862 [INFO] FileExtend:225 - Unzip File : ad.zip
2021-04-08 15:14:59,862 [INFO] FileExtend:240 - Standard Zip Deflate
2021-04-08 15:14:59,915 [INFO] LoadUrlFilesThread:135 - End of LoadUrlFiles Thread
2021-04-08 15:15:00,047 [INFO] ServerAccessManage:348 - Download File mcusAds.json._tmp_
2021-04-08 15:15:00,047 [INFO] LoadUrlFilesThread:135 - End of LoadUrlFiles Thread
2021-04-08 15:15:00,216 [INFO] ServerAccessManage:348 - Download File mcusDocs.json._tmp_
2021-04-08 15:15:00,301 [INFO] LoadUrlFilesThread:135 - End of LoadUrlFiles Thread
2021-04-08 15:15:00,332 [INFO] ServerAccessManage:348 - Download File mcusFeaturesAndDescription.json._tmp_
2021-04-08 15:15:11,649 [INFO] LoadUrlFilesThread:135 - End of LoadUrlFiles Thread
2021-04-08 15:15:11,687 [INFO] ServerAccessManage:348 - Download File boardsDocs.json._tmp_
2021-04-08 15:15:11,787 [INFO] LoadUrlFilesThread:135 - End of LoadUrlFiles Thread
2021-04-08 15:15:11,818 [INFO] ServerAccessManage:348 - Download File boards.json._tmp_
2021-04-08 15:15:11,903 [INFO] LoadUrlFilesThread:135 - End of LoadUrlFiles Thread
2021-04-08 15:15:11,950 [INFO] ServerAccessManage:348 - Download File cube-finder-db.zip
2021-04-08 15:15:18,231 [INFO] FileExtend:225 - Unzip File : cube-finder-db.zip
2021-04-08 15:15:18,231 [INFO] FileExtend:240 - Standard Zip Deflate
2021-04-08 15:15:18,611 [INFO] LoadUrlFilesThread:135 - End of LoadUrlFiles Thread
2021-04-08 15:15:18,771 [INFO] ServerAccessManage:348 - Download File crdb.zip
2021-04-08 15:15:18,899 [INFO] FileExtend:225 - Unzip File : crdb.zip
2021-04-08 15:15:18,899 [INFO] FileExtend:240 - Standard Zip Deflate
2021-04-08 15:15:18,937 [INFO] LoadUrlFilesThread:135 - End of LoadUrlFiles Thread
2021-04-08 15:15:19,069 [INFO] ServerAccessManage:348 - Download File tutoVideoDB.zip
2021-04-08 15:15:19,138 [INFO] FileExtend:225 - Unzip File : tutoVideoDB.zip
2021-04-08 15:15:19,138 [INFO] FileExtend:240 - Standard Zip Deflate
2021-04-08 15:15:19,169 [INFO] LoadUrlFilesThread:135 - End of LoadUrlFiles Thread
2021-04-08 15:15:19,169 [INFO] DbMcusAds:132 - JSON generation date=Mon Mar 01 11:27:44 CET 2021 (1614594464771)
2021-04-08 15:15:19,184 [INFO] DbMcusDocs:143 - JSON generation date=Mon Feb 08 14:35:07 CET 2021 (1612791307)
2021-04-08 15:15:19,184 [INFO] DbMcusXml:100 - Load MCU database from C:\ST\STM32CubeIDE_1.6.0\STM32CubeIDE\plugins\com.st.stm32cube.common.mx_6.2.1.202103241236\\db\/mcu/families.xml
2021-04-08 15:15:20,240 [INFO] DbMcusJson:94 - JSON generation date=Mon Feb 08 14:35:07 CET 2021 (1612791307)
2021-04-08 15:15:21,120 [INFO] DbMcus:175 - Found 1906 MCUs (1866 are supported by CubeMX, 1866 are visible in CubeMX)
2021-04-08 15:15:21,127 [INFO] ApiDb:251 - Load user favorites file C:\Users\varma.mudunuri/.stm32cubeide/favorites.mcus.txt: 0 item(s)
2021-04-08 15:15:21,127 [INFO] ApiDb:255 - User favorites MCUs=[]
2021-04-08 15:15:21,127 [INFO] DbMcus:187 - Set 0 / 0 favorites MCUs
2021-04-08 15:15:21,559 [INFO] DbMcusDocs:79 - Found 617 MCUs documents
2021-04-08 15:15:21,559 [INFO] ApiDb:276 - Save user favorites file C:\Users\varma.mudunuri/.stm32cubeide/favorites.mcus.txt: 0 item(s)
2021-04-08 15:15:21,575 [INFO] ApiDb:280 - User favorites MCUs=[]
2021-04-08 15:15:21,575 [INFO] DbMcusXml:100 - Load MCU database from C:\ST\STM32CubeIDE_1.6.0\STM32CubeIDE\plugins\com.st.stm32cube.common.mx_6.2.1.202103241236\\db\/mcu/families.xml
2021-04-08 15:15:22,393 [INFO] DbMcusJson:94 - JSON generation date=Mon Feb 08 14:35:07 CET 2021 (1612791307)
2021-04-08 15:15:23,010 [INFO] DbMcus:175 - Found 1906 MCUs (1866 are supported by CubeMX, 1866 are visible in CubeMX)
2021-04-08 15:15:23,010 [INFO] ApiDb:251 - Load user favorites file C:\Users\varma.mudunuri/.stm32cubeide/favorites.mcus.txt: 0 item(s)
2021-04-08 15:15:23,010 [INFO] ApiDb:255 - User favorites MCUs=[]
2021-04-08 15:15:23,010 [INFO] DbMcus:187 - Set 0 / 0 favorites MCUs
2021-04-08 15:15:23,026 [INFO] DbBoardsDocs:143 - JSON generation date=Mon Feb 08 14:35:07 CET 2021 (1612791307)
2021-04-08 15:15:23,095 [INFO] DbBoardsPdsc:90 - Found 24 items
2021-04-08 15:15:23,126 [INFO] DbBoardsPdsc:90 - Found 9 items
2021-04-08 15:15:23,157 [INFO] DbBoardsPdsc:90 - Found 33 items
2021-04-08 15:15:23,173 [INFO] DbBoardsPdsc:90 - Found 1 items
2021-04-08 15:15:23,195 [INFO] DbBoardsPdsc:90 - Found 46 items
2021-04-08 15:15:23,226 [INFO] DbBoardsPdsc:90 - Found 41 items
2021-04-08 15:15:23,226 [INFO] DbBoardsPdsc:90 - Found 2 items
2021-04-08 15:15:23,257 [INFO] DbBoardsPdsc:90 - Found 5 items
2021-04-08 15:15:23,257 [WARN] DbBoardsPdsc:254 - Board NUCLEO-WB15CC: unknown feature type=, name=, username=Three user LEDs, n=1
2021-04-08 15:15:23,257 [WARN] DbBoardsPdsc:254 - Board NUCLEO-WB15CC: unknown feature type=, name=, username=One reset and three user push-buttons, n=1
2021-04-08 15:15:23,257 [WARN] DbBoardsPdsc:254 - Board NUCLEO-WB15CC: unknown feature type=, name=, username=Arduino Uno V3 expansion connector, n=1
2021-04-08 15:15:23,257 [WARN] DbBoardsPdsc:254 - Board NUCLEO-WB15CC: unknown feature type=, name=, username=ST morpho extension pin headers for full access to all STM32WB I/Os, n=1
2021-04-08 15:15:23,257 [WARN] DbBoardsPdsc:254 - Board NUCLEO-WB15CC: unknown feature type=, name=, username=Integrated PCB antenna and SMA connector footprint, n=1
2021-04-08 15:15:23,257 [WARN] DbBoardsPdsc:254 - Board NUCLEO-WB15CC: unknown feature type=, name=, username=Flexible power-supply options: ST-LINK, USB VBUS, or external sources, n=1
2021-04-08 15:15:23,257 [WARN] DbBoardsPdsc:254 - Board NUCLEO-WB15CC: unknown feature type=, name=, username=On-board footprint to mount a CR2032 battery socket, n=1
2021-04-08 15:15:23,257 [WARN] DbBoardsPdsc:254 - Board NUCLEO-WB15CC: unknown feature type=, name=, username=On-board ST-LINK/V2-1 debugger/programmer with USB re-enumeration capability: mass storage, Virtual COM port, and debug port, n=1
2021-04-08 15:15:23,257 [WARN] DbBoardsPdsc:254 - Board NUCLEO-WB15CC: unknown feature type=, name=, username=Comprehensive free software libraries and examples available with the STM32CubeWB MCU Package, n=1
2021-04-08 15:15:23,257 [WARN] DbBoardsPdsc:254 - Board NUCLEO-WB15CC: unknown feature type=, name=, username=Support of a wide choice of Integrated Development Environments (IDEs) including IAR Embedded Workbench, MDK-ARM, STM32CubeIDE, and Mbed Studio, n=1
2021-04-08 15:15:23,273 [WARN] DbBoardsPdsc:254 - Board STM32H7B3I-DK: unknown feature type=Audio, name=, username=Audio stereo codec with Headphone Amp (CS42L51-CNZ), n=1
2021-04-08 15:15:23,273 [WARN] DbBoardsPdsc:254 - Board STM32H735G-DK: unknown feature type=Audio, name=, username=Audio stereo codec with Headphone Amp (WM8994ECS/R), n=1
2021-04-08 15:15:23,273 [WARN] DbBoardsPdsc:254 - Board STM32WB5MM-DK: unknown feature type=, name=, username=Time-of-Flight and gesture-detection sensor, n=1
2021-04-08 15:15:23,273 [WARN] DbBoardsPdsc:254 - Board STM32WB5MM-DK: unknown feature type=, name=, username=3 push-buttons (2 users and 1 reset) and 1 touch key button, n=1
2021-04-08 15:15:23,273 [WARN] DbBoardsPdsc:254 - Board STM32WB5MM-DK: unknown feature type=, name=, username=Flexible power-supply options: ST-LINK/V2-1 USB connector, 5 V delivered by ARDUINO速 or external connector, USB charger, or USB power, n=1
2021-04-08 15:15:23,273 [WARN] DbBoardsPdsc:254 - Board STM32WB5MM-DK: unknown feature type=, name=, username=On-board ST-LINK/V2-1 debugger/programmer with USB re-enumeration capability: Virtual COM port and debug port, n=1
2021-04-08 15:15:23,273 [WARN] DbBoardsPdsc:254 - Board STM32WB5MM-DK: unknown feature type=, name=, username=Comprehensive free software libraries and examples available with the STM32CubeWB MCU Package, n=1
2021-04-08 15:15:23,273 [WARN] DbBoardsPdsc:254 - Board STM32WB5MM-DK: unknown feature type=, name=, username=Support of a wide choice of Integrated Development Environments (IDEs) including IAR Embedded Workbench速, MDK-ARM, and STM32CubeIDE, n=1
2021-04-08 15:15:23,273 [WARN] DbBoardsPdsc:254 - Board STM32H7B3I-EVAL: unknown feature type=Audio, name=, username=Multi-Channel Audio Codec (CS42L51-CNZ), n=1
2021-04-08 15:15:23,273 [WARN] DbBoardsPdsc:254 - Board STM32H7B3I-EVAL: unknown feature type=Meter, name=, username=Power-metering and Temperature-monitoring with sigma-delta modulators, n=1
2021-04-08 15:15:23,273 [WARN] DbBoardsPdsc:254 - Board STM32H7B3I-EVAL: unknown feature type=Motor, name=, username=Motor Control, n=1
2021-04-08 15:15:23,295 [INFO] DbBoardsJson:87 - JSON generation date=Thu Feb 04 17:53:45 CET 2021 (1612457625)
2021-04-08 15:15:23,311 [INFO] DbBoards:117 - Found 161 boards (158 are supported by CubeMX)
2021-04-08 15:15:23,326 [INFO] DbBoardsDocs:143 - JSON generation date=Mon Feb 08 14:35:07 CET 2021 (1612791307)
2021-04-08 15:15:23,358 [INFO] DbBoardsDocs:79 - Found 193 boards documents
2021-04-08 15:15:23,373 [WARN] DbBoards:127 - board B-L462E-CELL1 has no document id list !
2021-04-08 15:15:23,373 [WARN] DbBoards:127 - board B-L475E-IOT01A2 has no document id list !
2021-04-08 15:15:23,373 [WARN] DbBoards:127 - board NUCLEO-G0B1RE has no document id list !
2021-04-08 15:15:23,373 [WARN] DbBoards:127 - board NUCLEO-H743ZI2 has no document id list !
2021-04-08 15:15:23,373 [WARN] DbBoards:127 - board NUCLEO-L4A6ZG has no document id list !
2021-04-08 15:15:23,373 [WARN] DbBoards:127 - board NUCLEO-WB15CC has no document id list !
2021-04-08 15:15:23,373 [WARN] DbBoards:127 - board NUCLEO-WB55RG has no document id list !
2021-04-08 15:15:23,373 [WARN] DbBoards:127 - board NUCLEO-WL55JC2 has no document id list !
2021-04-08 15:15:23,373 [WARN] DbBoards:127 - board P-NUCLEO-WB55-Nucleo has no document id list !
2021-04-08 15:15:23,373 [WARN] DbBoards:127 - board P-NUCLEO-WB55-USBDongle has no document id list !
2021-04-08 15:15:23,373 [WARN] DbBoards:127 - board STEVAL-BFA001V1B has no document id list !
2021-04-08 15:15:23,373 [WARN] DbBoards:127 - board STEVAL-BFA001V2B has no document id list !
2021-04-08 15:15:23,373 [WARN] DbBoards:127 - board STEVAL-IDP005V1 has no document id list !
2021-04-08 15:15:23,373 [WARN] DbBoards:127 - board STEVAL-IDP005V2 has no document id list !
2021-04-08 15:15:23,373 [WARN] DbBoards:127 - board STEVAL-MKSBOX1V1 has no document id list !
2021-04-08 15:15:23,373 [WARN] DbBoards:127 - board STEVAL-STWINKT1 has no document id list !
2021-04-08 15:15:23,373 [WARN] DbBoards:127 - board STEVAL-STWINKT1B has no document id list !
2021-04-08 15:15:23,373 [WARN] DbBoards:127 - board STM32F401C-DISCO has no document id list !
2021-04-08 15:15:23,373 [WARN] DbBoards:127 - board STM32F769I-DISC1 has no document id list !
2021-04-08 15:15:23,373 [WARN] DbBoards:127 - board STM32G0C1E-EV has no document id list !
2021-04-08 15:15:23,373 [WARN] DbBoards:127 - board STM32G474E-EVAL1 has no document id list !
2021-04-08 15:15:23,373 [WARN] DbBoards:127 - board STM32H743I-EVAL2 has no document id list !
2021-04-08 15:15:23,373 [WARN] DbBoards:127 - board STM32H747I-DISC1 has no document id list !
2021-04-08 15:15:23,373 [WARN] DbBoards:127 - board STM32H753I-EVAL2 has no document id list !
2021-04-08 15:15:23,373 [WARN] DbBoards:127 - board STM32L-DISCOVERY has no document id list !
2021-04-08 15:15:23,373 [WARN] DbBoards:127 - board STM32MP157A-DK1 has no document id list !
2021-04-08 15:15:23,373 [WARN] DbBoards:127 - board STM32MP157F-DK2 has no document id list !
2021-04-08 15:15:23,373 [WARN] DbBoards:127 - board STM32MP157F-EV1 has no document id list !
2021-04-08 15:15:23,373 [WARN] DbBoards:127 - board STM32WB5MM-DK has no document id list !
2021-04-08 15:15:26,820 [INFO] ApiDb:251 - Load user favorites file C:\Users\varma.mudunuri/.stm32cubeide/favorites.boards.txt: 0 item(s)
2021-04-08 15:15:26,820 [INFO] ApiDb:255 - User favorites Boards=[]
2021-04-08 15:15:26,820 [INFO] DbBoards:206 - Set 0 / 0 favorites Boards
2021-04-08 15:15:26,836 [INFO] DbBoardsDocs:79 - Found 386 boards documents
2021-04-08 15:15:26,836 [INFO] ApiDb:276 - Save user favorites file C:\Users\varma.mudunuri/.stm32cubeide/favorites.boards.txt: 0 item(s)
2021-04-08 15:15:26,836 [INFO] ApiDb:280 - User favorites Boards=[]
2021-04-08 15:15:26,851 [INFO] DbBoardsPdsc:90 - Found 24 items
2021-04-08 15:15:26,851 [INFO] DbBoardsPdsc:90 - Found 9 items
2021-04-08 15:15:26,851 [INFO] DbBoardsPdsc:90 - Found 33 items
2021-04-08 15:15:26,851 [INFO] DbBoardsPdsc:90 - Found 1 items
2021-04-08 15:15:26,867 [INFO] DbBoardsPdsc:90 - Found 46 items
2021-04-08 15:15:26,867 [INFO] DbBoardsPdsc:90 - Found 41 items
2021-04-08 15:15:26,867 [INFO] DbBoardsPdsc:90 - Found 2 items
2021-04-08 15:15:26,867 [INFO] DbBoardsPdsc:90 - Found 5 items
2021-04-08 15:15:26,867 [WARN] DbBoardsPdsc:254 - Board NUCLEO-WB15CC: unknown feature type=, name=, username=Three user LEDs, n=1
2021-04-08 15:15:26,867 [WARN] DbBoardsPdsc:254 - Board NUCLEO-WB15CC: unknown feature type=, name=, username=One reset and three user push-buttons, n=1
2021-04-08 15:15:26,867 [WARN] DbBoardsPdsc:254 - Board NUCLEO-WB15CC: unknown feature type=, name=, username=Arduino Uno V3 expansion connector, n=1
2021-04-08 15:15:26,867 [WARN] DbBoardsPdsc:254 - Board NUCLEO-WB15CC: unknown feature type=, name=, username=ST morpho extension pin headers for full access to all STM32WB I/Os, n=1
2021-04-08 15:15:26,867 [WARN] DbBoardsPdsc:254 - Board NUCLEO-WB15CC: unknown feature type=, name=, username=Integrated PCB antenna and SMA connector footprint, n=1
2021-04-08 15:15:26,867 [WARN] DbBoardsPdsc:254 - Board NUCLEO-WB15CC: unknown feature type=, name=, username=Flexible power-supply options: ST-LINK, USB VBUS, or external sources, n=1
2021-04-08 15:15:26,867 [WARN] DbBoardsPdsc:254 - Board NUCLEO-WB15CC: unknown feature type=, name=, username=On-board footprint to mount a CR2032 battery socket, n=1
2021-04-08 15:15:26,867 [WARN] DbBoardsPdsc:254 - Board NUCLEO-WB15CC: unknown feature type=, name=, username=On-board ST-LINK/V2-1 debugger/programmer with USB re-enumeration capability: mass storage, Virtual COM port, and debug port, n=1
2021-04-08 15:15:26,867 [WARN] DbBoardsPdsc:254 - Board NUCLEO-WB15CC: unknown feature type=, name=, username=Comprehensive free software libraries and examples available with the STM32CubeWB MCU Package, n=1
2021-04-08 15:15:26,867 [WARN] DbBoardsPdsc:254 - Board NUCLEO-WB15CC: unknown feature type=, name=, username=Support of a wide choice of Integrated Development Environments (IDEs) including IAR Embedded Workbench, MDK-ARM, STM32CubeIDE, and Mbed Studio, n=1
2021-04-08 15:15:26,867 [WARN] DbBoardsPdsc:254 - Board STM32H7B3I-DK: unknown feature type=Audio, name=, username=Audio stereo codec with Headphone Amp (CS42L51-CNZ), n=1
2021-04-08 15:15:26,867 [WARN] DbBoardsPdsc:254 - Board STM32H735G-DK: unknown feature type=Audio, name=, username=Audio stereo codec with Headphone Amp (WM8994ECS/R), n=1
2021-04-08 15:15:26,867 [WARN] DbBoardsPdsc:254 - Board STM32WB5MM-DK: unknown feature type=, name=, username=Time-of-Flight and gesture-detection sensor, n=1
2021-04-08 15:15:26,867 [WARN] DbBoardsPdsc:254 - Board STM32WB5MM-DK: unknown feature type=, name=, username=3 push-buttons (2 users and 1 reset) and 1 touch key button, n=1
2021-04-08 15:15:26,867 [WARN] DbBoardsPdsc:254 - Board STM32WB5MM-DK: unknown feature type=, name=, username=Flexible power-supply options: ST-LINK/V2-1 USB connector, 5 V delivered by ARDUINO速 or external connector, USB charger, or USB power, n=1
2021-04-08 15:15:26,867 [WARN] DbBoardsPdsc:254 - Board STM32WB5MM-DK: unknown feature type=, name=, username=On-board ST-LINK/V2-1 debugger/programmer with USB re-enumeration capability: Virtual COM port and debug port, n=1
2021-04-08 15:15:26,867 [WARN] DbBoardsPdsc:254 - Board STM32WB5MM-DK: unknown feature type=, name=, username=Comprehensive free software libraries and examples available with the STM32CubeWB MCU Package, n=1
2021-04-08 15:15:26,867 [WARN] DbBoardsPdsc:254 - Board STM32WB5MM-DK: unknown feature type=, name=, username=Support of a wide choice of Integrated Development Environments (IDEs) including IAR Embedded Workbench速, MDK-ARM, and STM32CubeIDE, n=1
2021-04-08 15:15:26,883 [WARN] DbBoardsPdsc:254 - Board STM32H7B3I-EVAL: unknown feature type=Audio, name=, username=Multi-Channel Audio Codec (CS42L51-CNZ), n=1
2021-04-08 15:15:26,883 [WARN] DbBoardsPdsc:254 - Board STM32H7B3I-EVAL: unknown feature type=Meter, name=, username=Power-metering and Temperature-monitoring with sigma-delta modulators, n=1
2021-04-08 15:15:26,883 [WARN] DbBoardsPdsc:254 - Board STM32H7B3I-EVAL: unknown feature type=Motor, name=, username=Motor Control, n=1
2021-04-08 15:15:26,898 [INFO] DbBoardsJson:87 - JSON generation date=Thu Feb 04 17:53:45 CET 2021 (1612457625)
2021-04-08 15:15:26,898 [INFO] DbBoards:117 - Found 161 boards (158 are supported by CubeMX)
2021-04-08 15:15:26,898 [WARN] DbBoards:127 - board B-L462E-CELL1 has no document id list !
2021-04-08 15:15:26,898 [WARN] DbBoards:127 - board B-L475E-IOT01A2 has no document id list !
2021-04-08 15:15:26,905 [WARN] DbBoards:127 - board NUCLEO-G0B1RE has no document id list !
2021-04-08 15:15:26,905 [WARN] DbBoards:127 - board NUCLEO-H743ZI2 has no document id list !
2021-04-08 15:15:26,905 [WARN] DbBoards:127 - board NUCLEO-L4A6ZG has no document id list !
2021-04-08 15:15:26,905 [WARN] DbBoards:127 - board NUCLEO-WB15CC has no document id list !
2021-04-08 15:15:26,905 [WARN] DbBoards:127 - board NUCLEO-WB55RG has no document id list !
2021-04-08 15:15:26,905 [WARN] DbBoards:127 - board NUCLEO-WL55JC2 has no document id list !
2021-04-08 15:15:26,905 [WARN] DbBoards:127 - board P-NUCLEO-WB55-Nucleo has no document id list !
2021-04-08 15:15:26,905 [WARN] DbBoards:127 - board P-NUCLEO-WB55-USBDongle has no document id list !
2021-04-08 15:15:26,905 [WARN] DbBoards:127 - board STEVAL-BFA001V1B has no document id list !
2021-04-08 15:15:26,905 [WARN] DbBoards:127 - board STEVAL-BFA001V2B has no document id list !
2021-04-08 15:15:26,905 [WARN] DbBoards:127 - board STEVAL-IDP005V1 has no document id list !
2021-04-08 15:15:26,905 [WARN] DbBoards:127 - board STEVAL-IDP005V2 has no document id list !
2021-04-08 15:15:26,905 [WARN] DbBoards:127 - board STEVAL-MKSBOX1V1 has no document id list !
2021-04-08 15:15:26,905 [WARN] DbBoards:127 - board STEVAL-STWINKT1 has no document id list !
2021-04-08 15:15:26,905 [WARN] DbBoards:127 - board STEVAL-STWINKT1B has no document id list !
2021-04-08 15:15:26,905 [WARN] DbBoards:127 - board STM32F401C-DISCO has no document id list !
2021-04-08 15:15:26,905 [WARN] DbBoards:127 - board STM32F769I-DISC1 has no document id list !
2021-04-08 15:15:26,905 [WARN] DbBoards:127 - board STM32G0C1E-EV has no document id list !
2021-04-08 15:15:26,905 [WARN] DbBoards:127 - board STM32G474E-EVAL1 has no document id list !
2021-04-08 15:15:26,905 [WARN] DbBoards:127 - board STM32H743I-EVAL2 has no document id list !
2021-04-08 15:15:26,905 [WARN] DbBoards:127 - board STM32H747I-DISC1 has no document id list !
2021-04-08 15:15:26,905 [WARN] DbBoards:127 - board STM32H753I-EVAL2 has no document id list !
2021-04-08 15:15:26,905 [WARN] DbBoards:127 - board STM32L-DISCOVERY has no document id list !
2021-04-08 15:15:26,905 [WARN] DbBoards:127 - board STM32MP157A-DK1 has no document id list !
2021-04-08 15:15:26,905 [WARN] DbBoards:127 - board STM32MP157F-DK2 has no document id list !
2021-04-08 15:15:26,905 [WARN] DbBoards:127 - board STM32MP157F-EV1 has no document id list !
2021-04-08 15:15:26,905 [WARN] DbBoards:127 - board STM32WB5MM-DK has no document id list !
2021-04-08 15:15:28,170 [INFO] ApiDb:251 - Load user favorites file C:\Users\varma.mudunuri/.stm32cubeide/favorites.boards.txt: 0 item(s)
2021-04-08 15:15:28,170 [INFO] ApiDb:255 - User favorites Boards=[]
2021-04-08 15:15:28,170 [INFO] DbBoards:206 - Set 0 / 0 favorites Boards
2021-04-08 15:15:29,474 [INFO] ApiDb:479 - Connected to CubeFinder SQLite database (C:\Users\varma.mudunuri\.stmcufinder\plugins\mcufinder\mcu\cube-finder-db.db)
2021-04-08 15:15:30,144 [ERROR] LogOutputStream:74 - [STDERR_REDIRECT] java.lang.NullPointerException
2021-04-08 15:15:30,144 [ERROR] LogOutputStream:74 - [STDERR_REDIRECT] 	at com.st.stm32cube.common.mx.targetselector.TargetSelectorAdapter.launchMCUFinder(TargetSelectorAdapter.java:236)
2021-04-08 15:15:30,144 [ERROR] LogOutputStream:74 - [STDERR_REDIRECT] 	at com.st.stm32cube.common.mx.targetselector.TargetSelectorAdapter.addTargetSelector(TargetSelectorAdapter.java:148)
2021-04-08 15:15:30,160 [ERROR] LogOutputStream:74 - [STDERR_REDIRECT] 	at com.st.stm32cube.common.projectcreation.ui.wizard.TargetSetupFromIocPage.<init>(TargetSetupFromIocPage.java:35)
2021-04-08 15:15:30,160 [ERROR] LogOutputStream:74 - [STDERR_REDIRECT] 	at com.st.stm32cube.common.projectcreation.ui.wizard.STM32ProjectFromIocWizard.getTargetSetupPage(STM32ProjectFromIocWizard.java:36)
2021-04-08 15:15:30,160 [ERROR] LogOutputStream:74 - [STDERR_REDIRECT] 	at com.st.stm32cube.common.projectcreation.ui.wizard.STM32ProjectWizardAbstract.addPages(STM32ProjectWizardAbstract.java:98)
2021-04-08 15:15:30,176 [ERROR] LogOutputStream:74 - [STDERR_REDIRECT] 	at org.eclipse.jface.wizard.WizardDialog.createContents(WizardDialog.java:632)
2021-04-08 15:15:30,176 [ERROR] LogOutputStream:74 - [STDERR_REDIRECT] 	at org.eclipse.jface.window.Window.create(Window.java:431)
2021-04-08 15:15:30,176 [ERROR] LogOutputStream:74 - [STDERR_REDIRECT] 	at org.eclipse.jface.dialogs.Dialog.create(Dialog.java:1094)
2021-04-08 15:15:30,176 [ERROR] LogOutputStream:74 - [STDERR_REDIRECT] 	at org.eclipse.jface.window.Window.open(Window.java:788)
2021-04-08 15:15:30,191 [ERROR] LogOutputStream:74 - [STDERR_REDIRECT] 	at com.st.stm32cube.ide.mcu.informationcenter.WelcomePageAction.run(WelcomePageAction.java:54)
2021-04-08 15:15:30,191 [ERROR] LogOutputStream:74 - [STDERR_REDIRECT] 	at org.eclipse.ui.internal.intro.impl.model.url.IntroURL.runAction(IntroURL.java:280)
2021-04-08 15:15:30,191 [ERROR] LogOutputStream:74 - [STDERR_REDIRECT] 	at org.eclipse.ui.internal.intro.impl.model.url.IntroURL.doExecute(IntroURL.java:191)
2021-04-08 15:15:30,191 [ERROR] LogOutputStream:74 - [STDERR_REDIRECT] 	at org.eclipse.ui.internal.intro.impl.model.url.IntroURL.lambda$0(IntroURL.java:146)
2021-04-08 15:15:30,191 [ERROR] LogOutputStream:74 - [STDERR_REDIRECT] 	at org.eclipse.swt.custom.BusyIndicator.showWhile(BusyIndicator.java:72)
2021-04-08 15:15:30,207 [ERROR] LogOutputStream:74 - [STDERR_REDIRECT] 	at org.eclipse.ui.internal.intro.impl.model.url.IntroURL.execute(IntroURL.java:146)
2021-04-08 15:15:30,215 [ERROR] LogOutputStream:74 - [STDERR_REDIRECT] 	at org.eclipse.ui.internal.intro.impl.presentations.BrowserIntroPartLocationListener.changing(BrowserIntroPartLocationListener.java:130)
2021-04-08 15:15:30,215 [ERROR] LogOutputStream:74 - [STDERR_REDIRECT] 	at org.eclipse.swt.browser.IE.lambda$6(IE.java:525)
2021-04-08 15:15:30,223 [ERROR] LogOutputStream:74 - [STDERR_REDIRECT] 	at org.eclipse.swt.ole.win32.OleEventTable.sendEvent(OleEventTable.java:58)
2021-04-08 15:15:30,225 [ERROR] LogOutputStream:74 - [STDERR_REDIRECT] 	at org.eclipse.swt.ole.win32.OleEventSink.notifyListener(OleEventSink.java:160)
2021-04-08 15:15:30,225 [ERROR] LogOutputStream:74 - [STDERR_REDIRECT] 	at org.eclipse.swt.ole.win32.OleEventSink.Invoke(OleEventSink.java:128)
2021-04-08 15:15:30,225 [ERROR] LogOutputStream:74 - [STDERR_REDIRECT] 	at org.eclipse.swt.ole.win32.OleEventSink.access$1(OleEventSink.java:105)
2021-04-08 15:15:30,236 [ERROR] LogOutputStream:74 - [STDERR_REDIRECT] 	at org.eclipse.swt.ole.win32.OleEventSink$1.method6(OleEventSink.java:79)
2021-04-08 15:15:30,236 [ERROR] LogOutputStream:74 - [STDERR_REDIRECT] 	at org.eclipse.swt.internal.ole.win32.COMObject.callback6(COMObject.java:120)
2021-04-08 15:15:30,236 [ERROR] LogOutputStream:74 - [STDERR_REDIRECT] 	at org.eclipse.swt.internal.win32.OS.DispatchMessage(Native Method)
2021-04-08 15:15:30,244 [ERROR] LogOutputStream:74 - [STDERR_REDIRECT] 	at org.eclipse.swt.widgets.Display.readAndDispatch(Display.java:3628)
2021-04-08 15:15:30,248 [ERROR] LogOutputStream:74 - [STDERR_REDIRECT] 	at org.eclipse.e4.ui.internal.workbench.swt.PartRenderingEngine$5.run(PartRenderingEngine.java:1158)
2021-04-08 15:15:30,252 [ERROR] LogOutputStream:74 - [STDERR_REDIRECT] 	at org.eclipse.core.databinding.observable.Realm.runWithDefault(Realm.java:338)
2021-04-08 15:15:30,256 [ERROR] LogOutputStream:74 - [STDERR_REDIRECT] 	at org.eclipse.e4.ui.internal.workbench.swt.PartRenderingEngine.run(PartRenderingEngine.java:1047)
2021-04-08 15:15:30,260 [ERROR] LogOutputStream:74 - [STDERR_REDIRECT] 	at org.eclipse.e4.ui.internal.workbench.E4Workbench.createAndRunUI(E4Workbench.java:155)
2021-04-08 15:15:30,264 [ERROR] LogOutputStream:74 - [STDERR_REDIRECT] 	at org.eclipse.ui.internal.Workbench.lambda$3(Workbench.java:658)
2021-04-08 15:15:30,266 [ERROR] LogOutputStream:74 - [STDERR_REDIRECT] 	at org.eclipse.core.databinding.observable.Realm.runWithDefault(Realm.java:338)
2021-04-08 15:15:30,270 [ERROR] LogOutputStream:74 - [STDERR_REDIRECT] 	at org.eclipse.ui.internal.Workbench.createAndRunWorkbench(Workbench.java:557)
2021-04-08 15:15:30,272 [ERROR] LogOutputStream:74 - [STDERR_REDIRECT] 	at org.eclipse.ui.PlatformUI.createAndRunWorkbench(PlatformUI.java:154)
2021-04-08 15:15:30,276 [ERROR] LogOutputStream:74 - [STDERR_REDIRECT] 	at org.eclipse.ui.internal.ide.application.IDEApplication.start(IDEApplication.java:150)
2021-04-08 15:15:30,280 [ERROR] LogOutputStream:74 - [STDERR_REDIRECT] 	at org.eclipse.equinox.internal.app.EclipseAppHandle.run(EclipseAppHandle.java:203)
2021-04-08 15:15:30,284 [ERROR] LogOutputStream:74 - [STDERR_REDIRECT] 	at org.eclipse.core.runtime.internal.adaptor.EclipseAppLauncher.runApplication(EclipseAppLauncher.java:137)
2021-04-08 15:15:30,288 [ERROR] LogOutputStream:74 - [STDERR_REDIRECT] 	at org.eclipse.core.runtime.internal.adaptor.EclipseAppLauncher.start(EclipseAppLauncher.java:107)
2021-04-08 15:15:30,292 [ERROR] LogOutputStream:74 - [STDERR_REDIRECT] 	at org.eclipse.core.runtime.adaptor.EclipseStarter.run(EclipseStarter.java:401)
2021-04-08 15:15:30,294 [ERROR] LogOutputStream:74 - [STDERR_REDIRECT] 	at org.eclipse.core.runtime.adaptor.EclipseStarter.run(EclipseStarter.java:255)
2021-04-08 15:15:30,298 [ERROR] LogOutputStream:74 - [STDERR_REDIRECT] 	at java.base/jdk.internal.reflect.NativeMethodAccessorImpl.invoke0(Native Method)
2021-04-08 15:15:30,300 [ERROR] LogOutputStream:74 - [STDERR_REDIRECT] 	at java.base/jdk.internal.reflect.NativeMethodAccessorImpl.invoke(Unknown Source)
2021-04-08 15:15:30,304 [ERROR] LogOutputStream:74 - [STDERR_REDIRECT] 	at java.base/jdk.internal.reflect.DelegatingMethodAccessorImpl.invoke(Unknown Source)
2021-04-08 15:15:30,306 [ERROR] LogOutputStream:74 - [STDERR_REDIRECT] 	at java.base/java.lang.reflect.Method.invoke(Unknown Source)
2021-04-08 15:15:30,310 [ERROR] LogOutputStream:74 - [STDERR_REDIRECT] 	at org.eclipse.equinox.launcher.Main.invokeFramework(Main.java:657)
2021-04-08 15:15:30,312 [ERROR] LogOutputStream:74 - [STDERR_REDIRECT] 	at org.eclipse.equinox.launcher.Main.basicRun(Main.java:594)
2021-04-08 15:15:30,314 [ERROR] LogOutputStream:74 - [STDERR_REDIRECT] 	at org.eclipse.equinox.launcher.Main.run(Main.java:1447)
2021-04-08 15:15:30,495 [INFO] DbExamplesSqlite:401 - Ignored 35 examples not supported by CubeIDE
2021-04-08 15:15:30,497 [INFO] DbExamplesSqlite:402 - Found 4965 examples active
2021-04-08 15:15:30,497 [INFO] DbExamplesSqlite:403 - Found 130 examples obsolete
2021-04-08 15:15:30,497 [INFO] DbExamplesSqlite:404 - Found 0 examples under development
2021-04-08 15:15:30,497 [INFO] DbExamplesSqlite:405 - Found 76 examples not building
2021-04-08 15:15:30,537 [INFO] DbExamplesSqlite:104 - CubeFinder database Data Model version=2.1
2021-04-08 15:15:30,537 [INFO] DbExamplesSqlite:105 - CubeFinder database Configuration version=2.16
2021-04-08 15:15:30,537 [INFO] DbExamplesSqlite:106 - CubeFinder database generation date=2021-02-26 (1614349247)
2021-04-08 15:15:30,537 [INFO] DbExamplesSqlite:107 - CubeFinder database FW Pack versions=[STM32Cube_FW_F4_V1.26.0, STM32Cube_FW_F7_V1.16.0, STM32Cube_FW_G0_V1.4.0, STM32Cube_FW_G4_V1.4.0, STM32Cube_FW_H7_V1.9.0, STM32Cube_FW_L5_V1.4.0, STM32Cube_FW_WB_V1.11.0, STM32Cube_FW_WL_V1.0.0, X-CUBE-AZRTOS-H7_V1.0.0, X-CUBE-BLE2_V3.2.0, X-CUBE-GNSS1_V5.2.0]
2021-04-08 15:15:30,537 [INFO] DbExamples:130 - Found 5006 examples
